<?xml version="1.0" encoding="UTF-8"?>
<!-- Generated by org.testng.reporters.JUnitXMLReporter -->
<testsuite hostname="Prashants-MacBook-Air.local" ignored="0" name="Test" tests="4" failures="0" timestamp="27 Feb 2019 21:40:13 GMT" time="158.116" errors="0">
  <testcase name="checkLoginToEbay" time="24.05" classname="scripts.LoginTest"/>
  <testcase name="handleScreenResolution" time="0.173" classname="scripts.LoginTest"/>
  <testcase name="handleScreenRotation" time="6.049" classname="scripts.LoginTest"/>
  <testcase name="searchForItem" time="43.252" classname="scripts.LoginTest"/>
</testsuite> <!-- Test -->
